<?xml version="1.0" encoding="UTF-8"?>
<!-- Generated by org.testng.reporters.JUnitReportReporter -->
<testsuite hostname="DESKTOP-F4UK9QS" failures="0" tests="1" name="AllTestCases.TC_06_createorg_selectall_deleteTest" time="44.909" errors="0" timestamp="28 Jul 2022 12:31:31 GMT" skipped="0">
  <testcase classname="AllTestCases.TC_06_createorg_selectall_deleteTest" name="exampl" time="44.909"/>
</testsuite> <!-- AllTestCases.TC_06_createorg_selectall_deleteTest -->
