<?xml version="1.0" encoding="UTF-8"?>
<!-- Generated by org.testng.reporters.JUnitReportReporter -->
<testsuite hostname="DESKTOP-F4UK9QS" failures="0" tests="1" name="AllTestCases.TC_03_create_compare_ContactTest" time="21.235" errors="0" timestamp="29 Jul 2022 12:43:57 GMT" skipped="0">
  <testcase classname="AllTestCases.TC_03_create_compare_ContactTest" name="abcd" time="21.235"/>
</testsuite> <!-- AllTestCases.TC_03_create_compare_ContactTest -->
