<?xml version="1.0" encoding="UTF-8"?>
<!-- Generated by org.testng.reporters.JUnitReportReporter -->
<testsuite hostname="DESKTOP-F4UK9QS" failures="0" tests="1" name="com.testNG.annotations_Implementation.Testcase2_createOrganization_Test" time="34.596" errors="0" timestamp="2022-07-23T12:05:20 IST" skipped="0">
  <testcase classname="com.testNG.annotations_Implementation.Testcase2_createOrganization_Test" name="createOrg" time="34.596"/>
  <system-out/>
</testsuite> <!-- com.testNG.annotations_Implementation.Testcase2_createOrganization_Test -->
