<?xml version="1.0" encoding="UTF-8"?>
<!-- Generated by org.testng.reporters.JUnitReportReporter -->
<testsuite hostname="DESKTOP-F4UK9QS" failures="0" tests="1" name="com.testNG.annotations_Implementation.Testcase3_create_Compare_org_Test" time="28.062" errors="0" timestamp="2022-07-23T10:06:44 IST" skipped="0">
  <testcase classname="com.testNG.annotations_Implementation.Testcase3_create_Compare_org_Test" name="abcd" time="28.062"/>
  <system-out/>
</testsuite> <!-- com.testNG.annotations_Implementation.Testcase3_create_Compare_org_Test -->
