<?xml version="1.0" encoding="UTF-8"?>
<!-- Generated by org.testng.reporters.JUnitReportReporter -->
<testsuite hostname="DESKTOP-F4UK9QS" failures="0" tests="1" name="com.testNG.annotations_Implementation.TC_01_Select_particular_rowTest" time="13.372" errors="0" timestamp="2022-07-24T20:44:26 IST" skipped="0">
  <testcase classname="com.testNG.annotations_Implementation.TC_01_Select_particular_rowTest" name="main1" time="13.372"/>
  <system-out/>
</testsuite> <!-- com.testNG.annotations_Implementation.TC_01_Select_particular_rowTest -->
