<?xml version="1.0" encoding="UTF-8"?>
<!-- Generated by org.testng.reporters.JUnitReportReporter -->
<testsuite hostname="DESKTOP-F4UK9QS" failures="0" tests="1" name="com.testNG.annotations_Implementation.Testcase1_Select_particular_rowTest" time="14.189" errors="0" timestamp="2022-07-23T22:54:49 IST" skipped="0">
  <testcase classname="com.testNG.annotations_Implementation.Testcase1_Select_particular_rowTest" name="main1" time="14.189"/>
  <system-out/>
</testsuite> <!-- com.testNG.annotations_Implementation.Testcase1_Select_particular_rowTest -->
