<?xml version="1.0" encoding="UTF-8"?>
<!-- Generated by org.testng.reporters.JUnitReportReporter -->
<testsuite hostname="DESKTOP-F4UK9QS" failures="0" tests="1" name="AllTestCases.TC_05_create_camp_deleteCamp_Test" time="28.132" errors="0" timestamp="02 Aug 2022 10:14:14 GMT" skipped="0">
  <testcase classname="AllTestCases.TC_05_create_camp_deleteCamp_Test" name="example" time="28.132"/>
</testsuite> <!-- AllTestCases.TC_05_create_camp_deleteCamp_Test -->
