<?xml version="1.0" encoding="UTF-8"?>
<!-- Generated by org.testng.reporters.JUnitReportReporter -->
<testsuite hostname="DESKTOP-F4UK9QS" failures="0" tests="1" name="AllTestCases.TC_06_createorg_selectall_deleteTest" time="45.265" errors="0" timestamp="2022-07-28T11:06:22 IST" skipped="0">
  <testcase classname="AllTestCases.TC_06_createorg_selectall_deleteTest" name="exampl" time="45.265"/>
  <system-out/>
</testsuite> <!-- AllTestCases.TC_06_createorg_selectall_deleteTest -->
