<?xml version="1.0" encoding="UTF-8"?>
<!-- Generated by org.testng.reporters.JUnitReportReporter -->
<testsuite hostname="DESKTOP-F4UK9QS" failures="0" tests="1" name="AllTestCases.TC_02_createOrganization_Test" time="35.839" errors="0" timestamp="2022-07-28T11:19:06 IST" skipped="0">
  <testcase classname="AllTestCases.TC_02_createOrganization_Test" name="createOrg" time="35.839"/>
  <system-out/>
</testsuite> <!-- AllTestCases.TC_02_createOrganization_Test -->
